109.02.22 16:25 B C:\Documents and Settings\Philippe\Mes documents\Mes Pages Web\911SC\moteur\cox.jpg --> perso-ftp.orange.fr /911SC/moteur cox.jpg
109.02.22 16:26 B C:\Documents and Settings\Philippe\Mes documents\Mes Pages Web\911SC\moteur\flat.gif --> perso-ftp.orange.fr /911SC/moteur flat.gif
109.02.22 16:26 B C:\Documents and Settings\Philippe\Mes documents\Mes Pages Web\911SC\moteur\flat6.jpg --> perso-ftp.orange.fr /911SC/moteur flat6.jpg
109.02.22 16:26 B C:\Documents and Settings\Philippe\Mes documents\Mes Pages Web\911SC\moteur\M01.jpg --> perso-ftp.orange.fr /911SC/moteur M01.jpg
109.02.22 16:26 B C:\Documents and Settings\Philippe\Mes documents\Mes Pages Web\911SC\moteur\M02.jpg --> perso-ftp.orange.fr /911SC/moteur M02.jpg
109.02.22 16:26 B C:\Documents and Settings\Philippe\Mes documents\Mes Pages Web\911SC\moteur\M03.jpg --> perso-ftp.orange.fr /911SC/moteur M03.jpg
109.02.22 16:26 B C:\Documents and Settings\Philippe\Mes documents\Mes Pages Web\911SC\moteur\M04.jpg --> perso-ftp.orange.fr /911SC/moteur M04.jpg
109.02.22 16:26 B C:\Documents and Settings\Philippe\Mes documents\Mes Pages Web\911SC\moteur\M05.jpg --> perso-ftp.orange.fr /911SC/moteur M05.jpg
109.02.22 16:26 B C:\Documents and Settings\Philippe\Mes documents\Mes Pages Web\911SC\moteur\MOT1B.jpg --> perso-ftp.orange.fr /911SC/moteur MOT1B.jpg
109.02.22 16:26 B C:\Documents and Settings\Philippe\Mes documents\Mes Pages Web\911SC\moteur\MOT2B.jpg --> perso-ftp.orange.fr /911SC/moteur MOT2B.jpg
109.02.22 16:26 B C:\Documents and Settings\Philippe\Mes documents\Mes Pages Web\911SC\moteur\MOT3B.jpg --> perso-ftp.orange.fr /911SC/moteur MOT3B.jpg
109.02.22 16:26 B C:\Documents and Settings\Philippe\Mes documents\Mes Pages Web\911SC\moteur\MOT4B.jpg --> perso-ftp.orange.fr /911SC/moteur MOT4B.jpg
109.02.22 16:26 B C:\Documents and Settings\Philippe\Mes documents\Mes Pages Web\911SC\moteur\MOT5B.jpg --> perso-ftp.orange.fr /911SC/moteur MOT5B.jpg
109.02.22 16:26 B C:\Documents and Settings\Philippe\Mes documents\Mes Pages Web\911SC\moteur\Thumbs.db --> perso-ftp.orange.fr /911SC/moteur Thumbs.db
109.02.23 09:41 B C:\Documents and Settings\Philippe\Mes documents\Mes Pages Web\911SC\moteur\911plan.jpg --> perso-ftp.orange.fr /911SC/moteur 911plan.jpg
109.02.23 09:42 B C:\Documents and Settings\Philippe\Mes documents\Mes Pages Web\911SC\moteur\flat6plan.jpg --> perso-ftp.orange.fr /911SC/moteur flat6plan.jpg
109.02.23 09:45 B C:\Documents and Settings\Philippe\Mes documents\Mes Pages Web\911SC\moteur\911plan.jpg --> perso-ftp.orange.fr /911SC/moteur 911plan.jpg
109.02.23 09:45 B C:\Documents and Settings\Philippe\Mes documents\Mes Pages Web\911SC\moteur\flat6plan.jpg --> perso-ftp.orange.fr /911SC/moteur flat6plan.jpg
109.03.04 21:28 B C:\Documents and Settings\Philippe\Mes documents\Mes Pages Web\911SC\moteur\flat6plan.jpg --> perso-ftp.orange.fr /911SC/moteur flat6plan.jpg
109.03.05 13:24 B C:\Documents and Settings\Philippe\Mes documents\Mes Pages Web\911SC\moteur\flat6plan.jpg --> perso-ftp.orange.fr /911SC/moteur flat6plan.jpg
