108.12.25 22:00 B C:\Documents and Settings\Philippe\Mes documents\Mes Pages Web\porscheSC\DVR\moteur_cox.jpg --> perso-ftp.orange.fr /porscheSC/DVR moteur_cox.jpg
109.02.22 16:28 B C:\Documents and Settings\Philippe\Mes documents\Mes Pages Web\911SC\objets\911-3l2a.jpg --> perso-ftp.orange.fr /911SC/objets 911-3l2a.jpg
109.02.22 16:28 B C:\Documents and Settings\Philippe\Mes documents\Mes Pages Web\911SC\objets\911-3l2b.jpg --> perso-ftp.orange.fr /911SC/objets 911-3l2b.jpg
109.02.22 16:28 B C:\Documents and Settings\Philippe\Mes documents\Mes Pages Web\911SC\objets\911-c1.jpg --> perso-ftp.orange.fr /911SC/objets 911-c1.jpg
109.02.22 16:28 B C:\Documents and Settings\Philippe\Mes documents\Mes Pages Web\911SC\objets\911-c2.jpg --> perso-ftp.orange.fr /911SC/objets 911-c2.jpg
109.02.22 16:28 B C:\Documents and Settings\Philippe\Mes documents\Mes Pages Web\911SC\objets\911-c3.jpg --> perso-ftp.orange.fr /911SC/objets 911-c3.jpg
109.02.22 16:28 B C:\Documents and Settings\Philippe\Mes documents\Mes Pages Web\911SC\objets\911-c4.jpg --> perso-ftp.orange.fr /911SC/objets 911-c4.jpg
109.02.22 16:28 B C:\Documents and Settings\Philippe\Mes documents\Mes Pages Web\911SC\objets\911-sc1.jpg --> perso-ftp.orange.fr /911SC/objets 911-sc1.jpg
109.02.22 16:28 B C:\Documents and Settings\Philippe\Mes documents\Mes Pages Web\911SC\objets\911-sc2.jpg --> perso-ftp.orange.fr /911SC/objets 911-sc2.jpg
109.02.22 16:28 B C:\Documents and Settings\Philippe\Mes documents\Mes Pages Web\911SC\objets\964.jpg --> perso-ftp.orange.fr /911SC/objets 964.jpg
109.02.22 16:28 B C:\Documents and Settings\Philippe\Mes documents\Mes Pages Web\911SC\objets\993.jpg --> perso-ftp.orange.fr /911SC/objets 993.jpg
109.02.22 16:28 B C:\Documents and Settings\Philippe\Mes documents\Mes Pages Web\911SC\objets\996.jpg --> perso-ftp.orange.fr /911SC/objets 996.jpg
109.02.22 16:28 B C:\Documents and Settings\Philippe\Mes documents\Mes Pages Web\911SC\objets\997.jpg --> perso-ftp.orange.fr /911SC/objets 997.jpg
109.02.22 16:28 B C:\Documents and Settings\Philippe\Mes documents\Mes Pages Web\911SC\objets\carac.jpg --> perso-ftp.orange.fr /911SC/objets carac.jpg
109.02.22 16:28 B C:\Documents and Settings\Philippe\Mes documents\Mes Pages Web\911SC\objets\carter.jpg --> perso-ftp.orange.fr /911SC/objets carter.jpg
109.02.22 16:29 B C:\Documents and Settings\Philippe\Mes documents\Mes Pages Web\911SC\objets\chauffage.jpg --> perso-ftp.orange.fr /911SC/objets chauffage.jpg
109.02.22 16:29 B C:\Documents and Settings\Philippe\Mes documents\Mes Pages Web\911SC\objets\diagramme.jpg --> perso-ftp.orange.fr /911SC/objets diagramme.jpg
109.02.22 16:29 B C:\Documents and Settings\Philippe\Mes documents\Mes Pages Web\911SC\objets\FLECHBAS.GIF --> perso-ftp.orange.fr /911SC/objets FLECHBAS.GIF
109.02.22 16:29 B C:\Documents and Settings\Philippe\Mes documents\Mes Pages Web\911SC\objets\histo_911.jpg --> perso-ftp.orange.fr /911SC/objets histo_911.jpg
109.02.22 16:29 B C:\Documents and Settings\Philippe\Mes documents\Mes Pages Web\911SC\objets\perfs.jpg --> perso-ftp.orange.fr /911SC/objets perfs.jpg
109.02.22 16:29 B C:\Documents and Settings\Philippe\Mes documents\Mes Pages Web\911SC\objets\planche.jpg --> perso-ftp.orange.fr /911SC/objets planche.jpg
109.02.22 16:29 B C:\Documents and Settings\Philippe\Mes documents\Mes Pages Web\911SC\objets\show911.jpg --> perso-ftp.orange.fr /911SC/objets show911.jpg
109.02.22 16:29 B C:\Documents and Settings\Philippe\Mes documents\Mes Pages Web\911SC\objets\stick1.jpg --> perso-ftp.orange.fr /911SC/objets stick1.jpg
109.02.22 16:29 B C:\Documents and Settings\Philippe\Mes documents\Mes Pages Web\911SC\objets\stick2.jpg --> perso-ftp.orange.fr /911SC/objets stick2.jpg
109.02.22 16:29 B C:\Documents and Settings\Philippe\Mes documents\Mes Pages Web\911SC\objets\tablo.jpg --> perso-ftp.orange.fr /911SC/objets tablo.jpg
109.02.22 16:29 B C:\Documents and Settings\Philippe\Mes documents\Mes Pages Web\911SC\objets\Thumbs.db --> perso-ftp.orange.fr /911SC/objets Thumbs.db
109.02.22 16:29 B C:\Documents and Settings\Philippe\Mes documents\Mes Pages Web\911SC\objets\WS_FTP.LOG --> perso-ftp.orange.fr /911SC/objets WS_FTP.LOG
109.02.23 09:41 B C:\Documents and Settings\Philippe\Mes documents\Mes Pages Web\911SC\objets\chaud.jpg --> perso-ftp.orange.fr /911SC/objets chaud.jpg
109.02.23 09:41 B C:\Documents and Settings\Philippe\Mes documents\Mes Pages Web\911SC\objets\chauffage.jpg --> perso-ftp.orange.fr /911SC/objets chauffage.jpg
109.02.23 10:14 B C:\Documents and Settings\Philippe\Mes documents\Mes Pages Web\911SC\objets\3L2a.jpg --> perso-ftp.orange.fr /911SC/objets 3L2a.jpg
109.02.23 10:14 B C:\Documents and Settings\Philippe\Mes documents\Mes Pages Web\911SC\objets\3L2b.jpg --> perso-ftp.orange.fr /911SC/objets 3L2b.jpg
109.02.25 14:07 B C:\Documents and Settings\Philippe\Mes documents\Mes Pages Web\911SC\objets\maboite.jpg --> perso-ftp.orange.fr /911SC/objets maboite.jpg
109.02.25 14:07 B C:\Documents and Settings\Philippe\Mes documents\Mes Pages Web\911SC\objets\grenouille.jpg --> perso-ftp.orange.fr /911SC/objets grenouille.jpg
109.02.26 10:22 B C:\Documents and Settings\Philippe\Mes documents\Mes Pages Web\911SC\objets\grenouille.jpg --> perso-ftp.orange.fr /911SC/objets grenouille.jpg
109.02.26 10:22 B C:\Documents and Settings\Philippe\Mes documents\Mes Pages Web\911SC\objets\maboite.jpg --> perso-ftp.orange.fr /911SC/objets maboite.jpg
109.02.26 10:22 B C:\Documents and Settings\Philippe\Mes documents\Mes Pages Web\911SC\objets\popoff1.JPG --> perso-ftp.orange.fr /911SC/objets popoff1.JPG
109.02.26 10:22 B C:\Documents and Settings\Philippe\Mes documents\Mes Pages Web\911SC\objets\popoff2.jpg --> perso-ftp.orange.fr /911SC/objets popoff2.jpg
109.02.26 10:22 B C:\Documents and Settings\Philippe\Mes documents\Mes Pages Web\911SC\objets\popoff3.jpg --> perso-ftp.orange.fr /911SC/objets popoff3.jpg
109.02.26 10:22 B C:\Documents and Settings\Philippe\Mes documents\Mes Pages Web\911SC\objets\popoff4.jpg --> perso-ftp.orange.fr /911SC/objets popoff4.jpg
109.02.27 17:32 B C:\Documents and Settings\Philippe\Mes documents\Mes Pages Web\911SC\objets\c1.jpg --> perso-ftp.orange.fr /911SC/objets c1.jpg
109.02.27 17:32 B C:\Documents and Settings\Philippe\Mes documents\Mes Pages Web\911SC\objets\c2.jpg --> perso-ftp.orange.fr /911SC/objets c2.jpg
109.02.27 17:32 B C:\Documents and Settings\Philippe\Mes documents\Mes Pages Web\911SC\objets\c3.jpg --> perso-ftp.orange.fr /911SC/objets c3.jpg
109.02.27 17:33 B C:\Documents and Settings\Philippe\Mes documents\Mes Pages Web\911SC\objets\sc1.jpg --> perso-ftp.orange.fr /911SC/objets sc1.jpg
109.02.27 17:33 B C:\Documents and Settings\Philippe\Mes documents\Mes Pages Web\911SC\objets\sc2.jpg --> perso-ftp.orange.fr /911SC/objets sc2.jpg
109.02.28 09:30 B C:\Documents and Settings\Philippe\Mes documents\Mes Pages Web\911SC\objets\ecu1.jpg --> perso-ftp.orange.fr /911SC/objets ecu1.jpg
109.02.28 09:30 B C:\Documents and Settings\Philippe\Mes documents\Mes Pages Web\911SC\objets\ecu2.jpg --> perso-ftp.orange.fr /911SC/objets ecu2.jpg
109.03.03 21:13 B C:\Documents and Settings\Philippe\Mes documents\Mes Pages Web\911SC\objets\sc2.jpg --> perso-ftp.orange.fr /911SC/objets sc2.jpg
109.03.04 18:48 B C:\Documents and Settings\Philippe\Mes documents\Mes Pages Web\911SC\objets\carter.jpg --> perso-ftp.orange.fr /911SC/objets carter.jpg
109.03.04 18:48 B C:\Documents and Settings\Philippe\Mes documents\Mes Pages Web\911SC\objets\chaud.jpg --> perso-ftp.orange.fr /911SC/objets chaud.jpg
109.03.04 18:49 B C:\Documents and Settings\Philippe\Mes documents\Mes Pages Web\911SC\objets\planche.jpg --> perso-ftp.orange.fr /911SC/objets planche.jpg
109.03.04 18:52 B C:\Documents and Settings\Philippe\Mes documents\Mes Pages Web\911SC\objets\carter.jpg --> perso-ftp.orange.fr /911SC/objets carter.jpg
109.03.04 18:52 B C:\Documents and Settings\Philippe\Mes documents\Mes Pages Web\911SC\objets\chaud.jpg --> perso-ftp.orange.fr /911SC/objets chaud.jpg
109.03.04 21:21 B C:\Documents and Settings\Philippe\Mes documents\Mes Pages Web\911SC\objets\show911.jpg --> perso-ftp.orange.fr /911SC/objets show911.jpg
109.04.30 20:45 B C:\Documents and Settings\Philippe\Mes documents\Mes Pages Web\911SC\objets\pubSC.jpg --> perso-ftp.orange.fr /911SC/objets pubSC.jpg
